<?xml version="1.0" encoding="UTF-8"?>
<!-- Generated by org.testng.reporters.JUnitXMLReporter -->
<testsuite hostname="DESKTOP-J1AL87L" ignored="0" name="IEBrowserTest" tests="1" failures="0" timestamp="24 Dec 2019 19:15:45 GMT" time="0.074" errors="0">
  <testcase name="@BeforeTest BrowserInvoke" time="0.024" classname="com.csagroup.LoginTestcases.LoginTest">
    <failure type="java.lang.NullPointerException">
      <![CDATA[java.lang.NullPointerException
at com.csagroup.config.DriverManager.getDriver(DriverManager.java:33)
at com.csagroup.LoginTestcases.LoginTest.BrowserInvoke(LoginTest.java:22)
... Removed 24 stack frames]]>
    </failure>
  </testcase> <!-- @BeforeTest BrowserInvoke -->
  <testcase name="@AfterMethod tearDown" time="0.0" classname="com.csagroup.LoginTestcases.LoginTest">
    <skipped/>
  </testcase> <!-- @AfterMethod tearDown -->
  <testcase name="@AfterTest tearDown" time="0.0" classname="com.csagroup.LoginTestcases.LoginTest">
    <skipped/>
  </testcase> <!-- @AfterTest tearDown -->
  <testcase name="Loginverify" time="0.0" classname="com.csagroup.LoginTestcases.LoginTest">
    <skipped/>
  </testcase> <!-- Loginverify -->
</testsuite> <!-- IEBrowserTest -->
